
=== Sun Feb  5 10:00:12 2023

Packages were changed.
Update Mode: updateDependencies

The following packages were updated:
  com.unity.collab-proxy from version 1.15.7 to 1.17.7
  com.unity.ide.rider from version 3.0.9 to 3.0.16
  com.unity.ide.visualstudio from version 2.0.12 to 2.0.16
  com.unity.ide.vscode from version 1.2.4 to 1.2.5
  com.unity.inputsystem from version 1.2.0 to 1.4.4
  com.unity.mobile.android-logcat from version 1.2.3 to 1.3.2
  com.unity.mobile.notifications from version 1.4.2 to 2.1.0
  com.unity.render-pipelines.universal from version 12.1.3 to 12.1.8
  com.unity.test-framework from version 1.1.29 to 1.1.31
  com.unity.timeline from version 1.6.3 to 1.6.4

=== Thu Feb 16 21:29:23 2023

Packages were changed.
Update Mode: updateDependencies

The following packages were updated:
  com.unity.collab-proxy from version 1.17.7 to 2.0.0
  com.unity.ide.rider from version 3.0.16 to 3.0.18
  com.unity.ide.visualstudio from version 2.0.16 to 2.0.17
  com.unity.mobile.notifications from version 2.1.0 to 2.1.1
  com.unity.render-pipelines.universal from version 12.1.8 to 12.1.10

=== Sat Jul  6 09:37:09 2024

Packages were changed.
Update Mode: updateDependencies

The following packages were added:
  com.unity.ai.navigation@1.1.5
The following packages were updated:
  com.unity.ads from version 3.7.5 to 4.4.2
  com.unity.collab-proxy from version 2.0.0 to 2.2.0
  com.unity.ide.rider from version 3.0.18 to 3.0.27
  com.unity.ide.visualstudio from version 2.0.17 to 2.0.22
  com.unity.inputsystem from version 1.4.4 to 1.7.0
  com.unity.mobile.android-logcat from version 1.3.2 to 1.4.0
  com.unity.mobile.notifications from version 2.1.1 to 2.3.0
  com.unity.render-pipelines.universal from version 12.1.10 to 14.0.9
  com.unity.test-framework from version 1.1.31 to 1.1.33
  com.unity.timeline from version 1.6.4 to 1.7.6
